Using pre-set license
Built from '2020.3/staging' branch; Version is '2020.3.28f1 (f5400f52e03f) revision 16072719'; Using compiler version '192528614'; Build Type 'Release'
OS: 'Windows 11  (10.0.22557) 64bit CoreSingleLanguage' Language: 'en' Physical Memory: 14213 MB
BatchMode: 1, IsHumanControllingUs: 0, StartBugReporterOnCrash: 0, Is64bit: 1, IsPro: 0

COMMAND LINE ARGUMENTS:
C:\Program Files\Unity\Hub\Editor\2020.3.28f1\Editor\Unity.exe
-adb2
-batchMode
-noUpm
-name
AssetImportWorker0
-projectPath
C:/Users/akash/OneDrive/Desktop/final1
-logFile
Logs/AssetImportWorker0.log
-srvPort
63985
Successfully changed project path to: C:/Users/akash/OneDrive/Desktop/final1
C:/Users/akash/OneDrive/Desktop/final1
Using Asset Import Pipeline V2.
Refreshing native plugins compatible for Editor in 76.84 ms, found 2 plugins.
Preloading 0 native plugins for Editor in 0.00 ms.
Initialize engine version: 2020.3.28f1 (f5400f52e03f)
[Subsystems] Discovering subsystems at path C:/Program Files/Unity/Hub/Editor/2020.3.28f1/Editor/Data/Resources/UnitySubsystems
[Subsystems] Discovering subsystems at path C:/Users/akash/OneDrive/Desktop/final1/Assets
GfxDevice: creating device client; threaded=0
Direct3D:
    Version:  Direct3D 11.0 [level 11.1]
    Renderer: NVIDIA GeForce GTX 1650 (ID=0x1f91)
    Vendor:   
    VRAM:     3962 MB
    Driver:   30.0.14.9733
Initialize mono
Mono path[0] = 'C:/Program Files/Unity/Hub/Editor/2020.3.28f1/Editor/Data/Managed'
Mono path[1] = 'C:/Program Files/Unity/Hub/Editor/2020.3.28f1/Editor/Data/MonoBleedingEdge/lib/mono/unityjit'
Mono config path = 'C:/Program Files/Unity/Hub/Editor/2020.3.28f1/Editor/Data/MonoBleedingEdge/etc'
Using monoOptions --debugger-agent=transport=dt_socket,embedding=1,server=y,suspend=n,address=127.0.0.1:56596
Begin MonoManager ReloadAssembly
Registering precompiled unity dll's ...
Register platform support module: C:/Program Files/Unity/Hub/Editor/2020.3.28f1/Editor/Data/PlaybackEngines/WindowsStandaloneSupport/UnityEditor.WindowsStandalone.Extensions.dll
Registered in 0.004429 seconds.
Native extension for WindowsStandalone target not found
Refreshing native plugins compatible for Editor in 68.17 ms, found 2 plugins.
Preloading 0 native plugins for Editor in 0.00 ms.
Mono: successfully reloaded assembly
- Completed reload, in  1.443 seconds
Domain Reload Profiling:
	ReloadAssembly (1443ms)
		BeginReloadAssembly (174ms)
			ExecutionOrderSort (0ms)
			DisableScriptedObjects (0ms)
			BackupInstance (0ms)
			ReleaseScriptingObjects (0ms)
			CreateAndSetChildDomain (2ms)
		EndReloadAssembly (1073ms)
			LoadAssemblies (169ms)
			RebuildTransferFunctionScriptingTraits (0ms)
			SetupTypeCache (340ms)
			ReleaseScriptCaches (0ms)
			RebuildScriptCaches (71ms)
			SetupLoadedEditorAssemblies (405ms)
				LogAssemblyErrors (0ms)
				InitializePlatformSupportModulesInManaged (10ms)
				SetLoadedEditorAssemblies (1ms)
				RefreshPlugins (68ms)
				BeforeProcessingInitializeOnLoad (27ms)
				ProcessInitializeOnLoadAttributes (213ms)
				ProcessInitializeOnLoadMethodAttributes (86ms)
				AfterProcessingInitializeOnLoad (0ms)
				EditorAssembliesLoaded (1ms)
			ExecutionOrderSort2 (0ms)
			AwakeInstancesAfterBackupRestoration (0ms)
Platform modules already initialized, skipping
Registering precompiled user dll's ...
Registered in 0.013033 seconds.
Begin MonoManager ReloadAssembly
Native extension for WindowsStandalone target not found
Refreshing native plugins compatible for Editor in 1.02 ms, found 2 plugins.
Preloading 0 native plugins for Editor in 0.00 ms.
Mono: successfully reloaded assembly
- Completed reload, in  2.392 seconds
Domain Reload Profiling:
	ReloadAssembly (2394ms)
		BeginReloadAssembly (361ms)
			ExecutionOrderSort (0ms)
			DisableScriptedObjects (12ms)
			BackupInstance (0ms)
			ReleaseScriptingObjects (0ms)
			CreateAndSetChildDomain (52ms)
		EndReloadAssembly (1882ms)
			LoadAssemblies (217ms)
			RebuildTransferFunctionScriptingTraits (0ms)
			SetupTypeCache (665ms)
			ReleaseScriptCaches (1ms)
			RebuildScriptCaches (101ms)
			SetupLoadedEditorAssemblies (695ms)
				LogAssemblyErrors (0ms)
				InitializePlatformSupportModulesInManaged (12ms)
				SetLoadedEditorAssemblies (1ms)
				RefreshPlugins (1ms)
				BeforeProcessingInitializeOnLoad (134ms)
				ProcessInitializeOnLoadAttributes (505ms)
				ProcessInitializeOnLoadMethodAttributes (26ms)
				AfterProcessingInitializeOnLoad (16ms)
				EditorAssembliesLoaded (1ms)
			ExecutionOrderSort2 (0ms)
			AwakeInstancesAfterBackupRestoration (16ms)
Platform modules already initialized, skipping
========================================================================
Worker process is ready to serve import requests
Launched and connected shader compiler UnityShaderCompiler.exe after 0.17 seconds
Refreshing native plugins compatible for Editor in 0.76 ms, found 2 plugins.
Preloading 0 native plugins for Editor in 0.00 ms.
Unloading 1512 Unused Serialized files (Serialized files now loaded: 0)
System memory in use before: 67.7 MB.
System memory in use after: 67.8 MB.

Unloading 19 unused Assets to reduce memory usage. Loaded Objects now: 1944.
Total: 6.760800 ms (FindLiveObjects: 0.335200 ms CreateObjectMapping: 0.063200 ms MarkObjects: 6.153700 ms  DeleteObjects: 0.206000 ms)

AssetImportParameters requested are different than current active one (requested -> active):
  custom:framework-win-MediaFoundation: 216162199b28c13a410421893ffa2e32 -> 
  custom:video-decoder-ogg-theora: a1e56fd34408186e4bbccfd4996cb3dc -> 
  custom:container-muxer-webm: aa71ff27fc2769a1b78a27578f13a17b -> 
  custom:container-demuxer-webm: 4f35f7cbe854078d1ac9338744f61a02 -> 
  custom:container-demuxer-ogg: 62fdf1f143b41e24485cea50d1cbac27 -> 
  custom:video-encoder-webm-vp8: eb34c28f22e8b96e1ab97ce403110664 -> 
  custom:video-codec-MediaFoundation-h265: 746d11721c4dcdbdad8f713fa42b33f4 -> 
  custom:video-decoder-webm-vp8: 9c59270c3fd7afecdb556c50c9e8de78 -> 
  custom:audio-decoder-ogg-vorbis: bf7c407c2cedff20999df2af8eb42d56 -> 
  custom:audio-encoder-webm-vorbis: bf7c407c2cedff20999df2af8eb42d56 -> 
========================================================================
Received Import Request.
  path: Assets/Materials/New Material.mat
  artifactKey: Guid(004c748abb711614792a4ced0337a49a) Importer(815301076,1909f56bfc062723c751e8b465ee728b)
Start importing Assets/Materials/New Material.mat using Guid(004c748abb711614792a4ced0337a49a) Importer(815301076,1909f56bfc062723c751e8b465ee728b)  -> (artifact id: '5ae567d22241993290ffea77579991d3') in 0.770511 seconds 
  Import took 0.777571 seconds .

========================================================================
Received Import Request.
  Time since last request: 0.000697 seconds.
  path: Assets/Materials/New Material 1.mat
  artifactKey: Guid(b63a4e1662fdc264286be1be52d80163) Importer(815301076,1909f56bfc062723c751e8b465ee728b)
Start importing Assets/Materials/New Material 1.mat using Guid(b63a4e1662fdc264286be1be52d80163) Importer(815301076,1909f56bfc062723c751e8b465ee728b)  -> (artifact id: '6d3169d2aa2ffd0a9f501b253c0ff4de') in 0.061574 seconds 
  Import took 0.068042 seconds .

========================================================================
Received Import Request.
  Time since last request: 0.000808 seconds.
  path: Assets/Prefab/Obstacle.prefab
  artifactKey: Guid(e74c95b4f55bc904981b5d37a511a634) Importer(815301076,1909f56bfc062723c751e8b465ee728b)
Start importing Assets/Prefab/Obstacle.prefab using Guid(e74c95b4f55bc904981b5d37a511a634) Importer(815301076,1909f56bfc062723c751e8b465ee728b)  -> (artifact id: '6c4322c0fafb18c9752c42d303a70d7c') in 0.100135 seconds 
  Import took 0.105865 seconds .

========================================================================
Received Import Request.
  Time since last request: 0.000704 seconds.
  path: Assets/Prefab/New Material.mat
  artifactKey: Guid(c33e110f829412c4e9c625179525ef5e) Importer(815301076,1909f56bfc062723c751e8b465ee728b)
Start importing Assets/Prefab/New Material.mat using Guid(c33e110f829412c4e9c625179525ef5e) Importer(815301076,1909f56bfc062723c751e8b465ee728b)  -> (artifact id: 'a62e5dbaeb5fcbd77ea0e99f6c2f579d') in 0.060788 seconds 
  Import took 0.069173 seconds .

========================================================================
Received Import Request.
  Time since last request: 0.000961 seconds.
  path: Assets/Prefab/Ground.prefab
  artifactKey: Guid(13449ff06326de547a601a0fd4f79390) Importer(815301076,1909f56bfc062723c751e8b465ee728b)
Start importing Assets/Prefab/Ground.prefab using Guid(13449ff06326de547a601a0fd4f79390) Importer(815301076,1909f56bfc062723c751e8b465ee728b)  -> (artifact id: 'f621ce1a1d5a7b46f2835be5f79d78ea') in 0.072964 seconds 
  Import took 0.082642 seconds .

========================================================================
Received Import Request.
  Time since last request: 0.000905 seconds.
  path: Assets/Prefab/Main Camera.prefab
  artifactKey: Guid(6dc5f078f65cc9a4ab450ed43454b998) Importer(815301076,1909f56bfc062723c751e8b465ee728b)
Start importing Assets/Prefab/Main Camera.prefab using Guid(6dc5f078f65cc9a4ab450ed43454b998) Importer(815301076,1909f56bfc062723c751e8b465ee728b)  -> (artifact id: 'a6380a36f2e9759a934b85f122a1416c') in 0.044532 seconds 
  Import took 0.052579 seconds .

========================================================================
Received Import Request.
  Time since last request: 0.000912 seconds.
  path: Assets/Materials/New Material 4.mat
  artifactKey: Guid(d9e12238249a11c4b8a581469c00f9f1) Importer(815301076,1909f56bfc062723c751e8b465ee728b)
Start importing Assets/Materials/New Material 4.mat using Guid(d9e12238249a11c4b8a581469c00f9f1) Importer(815301076,1909f56bfc062723c751e8b465ee728b)  -> (artifact id: 'a542a513ee7112b8996617fa9451cebf') in 0.056998 seconds 
  Import took 0.064771 seconds .

========================================================================
Received Import Request.
  Time since last request: 0.000843 seconds.
  path: Assets/Prefab/End.prefab
  artifactKey: Guid(e78f829f570f003499c4caeca34fe41c) Importer(815301076,1909f56bfc062723c751e8b465ee728b)
Start importing Assets/Prefab/End.prefab using Guid(e78f829f570f003499c4caeca34fe41c) Importer(815301076,1909f56bfc062723c751e8b465ee728b)  -> (artifact id: 'afaf43e959d75c982425c6695b6cdf4e') in 0.057843 seconds 
  Import took 0.065287 seconds .

========================================================================
Received Import Request.
  Time since last request: 0.000782 seconds.
  path: Assets/Prefab/Cube.prefab
  artifactKey: Guid(f4e3c7f24f4f6ba46a6a107bf3d2a95b) Importer(815301076,1909f56bfc062723c751e8b465ee728b)
Start importing Assets/Prefab/Cube.prefab using Guid(f4e3c7f24f4f6ba46a6a107bf3d2a95b) Importer(815301076,1909f56bfc062723c751e8b465ee728b)  -> (artifact id: '3fddebbe0ca57729bfea60ff9f027e5a') in 0.056749 seconds 
  Import took 0.063125 seconds .

========================================================================
Received Import Request.
  Time since last request: 0.000651 seconds.
  path: Assets/Prefab/GameManager.prefab
  artifactKey: Guid(ba46953b9e5dd9a4abdb9af247013624) Importer(815301076,1909f56bfc062723c751e8b465ee728b)
Start importing Assets/Prefab/GameManager.prefab using Guid(ba46953b9e5dd9a4abdb9af247013624) Importer(815301076,1909f56bfc062723c751e8b465ee728b)  -> (artifact id: '026531f9702c2fa6a2a7f6b3a291a5b1') in 0.041548 seconds 
  Import took 0.049121 seconds .

========================================================================
Received Import Request.
  Time since last request: 0.000610 seconds.
  path: Assets/Materials/New Material 2.mat
  artifactKey: Guid(ba2eb683deabcd7419d0320e28bb3e9a) Importer(815301076,1909f56bfc062723c751e8b465ee728b)
Start importing Assets/Materials/New Material 2.mat using Guid(ba2eb683deabcd7419d0320e28bb3e9a) Importer(815301076,1909f56bfc062723c751e8b465ee728b)  -> (artifact id: 'e00683640f5a2e25bf2dc53fe5a82101') in 0.060203 seconds 
  Import took 0.067421 seconds .

========================================================================
Received Import Request.
  Time since last request: 0.000931 seconds.
  path: Assets/Prefab/covid.obj
  artifactKey: Guid(37ac8395c72f7bb4298a417b81dab7ac) Importer(815301076,1909f56bfc062723c751e8b465ee728b)
Start importing Assets/Prefab/covid.obj using Guid(37ac8395c72f7bb4298a417b81dab7ac) Importer(815301076,1909f56bfc062723c751e8b465ee728b)  -> (artifact id: '3b37dfa1f049dd4e7d4bacfad87c5768') in 0.317635 seconds 
  Import took 0.326655 seconds .

========================================================================
Received Import Request.
  Time since last request: 0.001568 seconds.
  path: Assets/Prefab/rp_eric_rigged_001_yup_t.fbx
  artifactKey: Guid(7190bfeafc47a7e49b273b2d0f7af94a) Importer(815301076,1909f56bfc062723c751e8b465ee728b)
Start importing Assets/Prefab/rp_eric_rigged_001_yup_t.fbx using Guid(7190bfeafc47a7e49b273b2d0f7af94a) Importer(815301076,1909f56bfc062723c751e8b465ee728b)  -> (artifact id: '8a787bd8f2c30c567c1de10899ca7053') in 0.162526 seconds 
  Import took 0.168139 seconds .

========================================================================
Received Import Request.
  Time since last request: 0.001022 seconds.
  path: Assets/Materials/ObstacleMaterial.mat
  artifactKey: Guid(937747e783013f0458d769ac0d930a29) Importer(815301076,1909f56bfc062723c751e8b465ee728b)
Start importing Assets/Materials/ObstacleMaterial.mat using Guid(937747e783013f0458d769ac0d930a29) Importer(815301076,1909f56bfc062723c751e8b465ee728b)  -> (artifact id: 'fcbedacf03dc86eaa609ce8336cbf3d7') in 0.076749 seconds 
  Import took 0.086294 seconds .

========================================================================
Received Import Request.
  Time since last request: 0.001069 seconds.
  path: Assets/Prefab/rp_eric_rigged_001_zup_t.fbx
  artifactKey: Guid(237e7631f7c26374ca732353dfb14981) Importer(815301076,1909f56bfc062723c751e8b465ee728b)
Start importing Assets/Prefab/rp_eric_rigged_001_zup_t.fbx using Guid(237e7631f7c26374ca732353dfb14981) Importer(815301076,1909f56bfc062723c751e8b465ee728b)  -> (artifact id: '2650cadf213b5bd1212d63503579e9c0') in 0.110119 seconds 
  Import took 0.117700 seconds .

========================================================================
Received Import Request.
  Time since last request: 0.000688 seconds.
  path: Assets/Materials/Player.mat
  artifactKey: Guid(0ee30a0d064ee894e950a98943402b2b) Importer(815301076,1909f56bfc062723c751e8b465ee728b)
Start importing Assets/Materials/Player.mat using Guid(0ee30a0d064ee894e950a98943402b2b) Importer(815301076,1909f56bfc062723c751e8b465ee728b)  -> (artifact id: '6c2a86ba86a62549af3716f40d13d17a') in 0.069022 seconds 
  Import took 0.076885 seconds .

========================================================================
Received Import Request.
  Time since last request: 0.001006 seconds.
  path: Assets/Prefab/Player.prefab
  artifactKey: Guid(bf20816385ab59547932a59103d6a5b8) Importer(815301076,1909f56bfc062723c751e8b465ee728b)
Start importing Assets/Prefab/Player.prefab using Guid(bf20816385ab59547932a59103d6a5b8) Importer(815301076,1909f56bfc062723c751e8b465ee728b)  -> (artifact id: 'e7d091d6cffdf9fa91fcde3ec86c0268') in 0.050073 seconds 
  Import took 0.057528 seconds .

========================================================================
Received Import Request.
  Time since last request: 0.000747 seconds.
  path: Assets/Materials/New Material 3.mat
  artifactKey: Guid(26222a6d2fa29c241961539ce2fcfacc) Importer(815301076,1909f56bfc062723c751e8b465ee728b)
Start importing Assets/Materials/New Material 3.mat using Guid(26222a6d2fa29c241961539ce2fcfacc) Importer(815301076,1909f56bfc062723c751e8b465ee728b)  -> (artifact id: '09833bcb574fb4925571b53bbc6f1551') in 0.063538 seconds 
  Import took 0.070390 seconds .

========================================================================
Received Import Request.
  Time since last request: 0.000736 seconds.
  path: Assets/Materials/slippery.physicMaterial
  artifactKey: Guid(208cb7be4ae8b3348a533b11a9c22b3d) Importer(815301076,1909f56bfc062723c751e8b465ee728b)
Start importing Assets/Materials/slippery.physicMaterial using Guid(208cb7be4ae8b3348a533b11a9c22b3d) Importer(815301076,1909f56bfc062723c751e8b465ee728b)  -> (artifact id: '13630ef20ef4dacefe63ab58f2e1ce44') in 0.041359 seconds 
  Import took 0.048287 seconds .

========================================================================
Received Import Request.
  Time since last request: 0.000867 seconds.
  path: Assets/Prefab/Canvas.prefab
  artifactKey: Guid(37988039965716147ae306760bc6214a) Importer(815301076,1909f56bfc062723c751e8b465ee728b)
Start importing Assets/Prefab/Canvas.prefab using Guid(37988039965716147ae306760bc6214a) Importer(815301076,1909f56bfc062723c751e8b465ee728b)  -> (artifact id: 'e389e7838fa493ca6b640bf552a3187e') in 0.076132 seconds 
  Import took 0.083237 seconds .

========================================================================
Received Import Request.
  Time since last request: 0.000762 seconds.
  path: Assets/Prefab/rp_eric_rigged_001_yup_a.fbx
  artifactKey: Guid(e6a22a1484b8fcb47bda10a602be6dc8) Importer(815301076,1909f56bfc062723c751e8b465ee728b)
Start importing Assets/Prefab/rp_eric_rigged_001_yup_a.fbx using Guid(e6a22a1484b8fcb47bda10a602be6dc8) Importer(815301076,1909f56bfc062723c751e8b465ee728b)  -> (artifact id: 'e6994625ec3fd21d92094b1a9162061f') in 0.107828 seconds 
  Import took 0.114928 seconds .

AssetImportWorkerClient::OnTransportError - code=2 error=End of file
